Camera read time: 1026.1ms
RGB conversion: 0.9ms
Hand detection: 40.0ms
Landmark processing: 0.0ms
Model prediction: 5.0ms
Camera read time: 2.0ms
RGB conversion: 1.0ms
Hand detection: 37.0ms
Landmark processing: 0.0ms
Model prediction: 4.0ms
Camera read time: 2.0ms
RGB conversion: 1.0ms
Hand detection: 33.3ms
Landmark processing: 0.0ms
Model prediction: 4.0ms
Camera read time: 3.0ms
RGB conversion: 0.0ms
Hand detection: 35.5ms
Landmark processing: 0.0ms
Model prediction: 4.0ms
Camera read time: 5.0ms
RGB conversion: 0.0ms
Hand detection: 90.3ms
Landmark processing: 0.0ms
Model prediction: 6.5ms
Camera read time: 2.1ms
RGB conversion: 0.0ms
Hand detection: 21.6ms
Landmark processing: 0.0ms
Model prediction: 5.0ms
Camera read time: 2.0ms
RGB conversion: 0.0ms
Hand detection: 46.1ms
Landmark processing: 0.0ms
Model prediction: 4.0ms
Camera read time: 3.0ms
RGB conversion: 1.0ms
Hand detection: 16.5ms
Landmark processing: 0.0ms
Model prediction: 3.4ms
Camera read time: 4.0ms
RGB conversion: 0.0ms
Hand detection: 52.9ms
Landmark processing: 0.0ms
Model prediction: 3.3ms
Camera read time: 3.0ms
RGB conversion: 0.0ms
Hand detection: 20.6ms
Landmark processing: 0.0ms
Model prediction: 5.1ms
Camera read time: 3.3ms
RGB conversion: 0.0ms
Hand detection: 51.6ms
Landmark processing: 0.0ms
Model prediction: 9.0ms
Camera read time: 2.0ms
RGB conversion: 1.0ms
Hand detection: 15.6ms
Landmark processing: 0.0ms
Model prediction: 4.0ms
Camera read time: 2.0ms
RGB conversion: 1.0ms
Hand detection: 40.5ms
Landmark processing: 0.0ms
Model prediction: 3.0ms
Camera read time: 3.0ms
RGB conversion: 0.0ms
Hand detection: 13.0ms
Landmark processing: 0.0ms
Model prediction: 4.0ms
Camera read time: 4.0ms
RGB conversion: 0.0ms
Hand detection: 47.0ms
Landmark processing: 0.0ms
Model prediction: 3.5ms
Camera read time: 3.1ms
RGB conversion: 0.0ms
Hand detection: 22.5ms
Landmark processing: 0.0ms
Model prediction: 5.0ms
Camera read time: 3.1ms
RGB conversion: 0.0ms
Hand detection: 70.3ms
Landmark processing: 0.0ms
Model prediction: 6.0ms
Camera read time: 2.1ms
RGB conversion: 1.0ms
Hand detection: 16.6ms
Landmark processing: 0.0ms
Model prediction: 4.8ms
Camera read time: 2.0ms
RGB conversion: 1.0ms
Hand detection: 42.0ms
Landmark processing: 0.0ms
Model prediction: 5.0ms
Camera read time: 4.0ms
RGB conversion: 0.0ms
Hand detection: 74.9ms
Landmark processing: 0.0ms
Model prediction: 7.0ms
Camera read time: 2.2ms
RGB conversion: 0.0ms
Hand detection: 30.3ms
Landmark processing: 0.0ms
Model prediction: 3.0ms
Camera read time: 3.5ms
RGB conversion: 0.0ms
Hand detection: 21.6ms
Landmark processing: 0.0ms
Model prediction: 4.0ms
Camera read time: 3.0ms
RGB conversion: 1.0ms
Hand detection: 76.9ms
Landmark processing: 0.0ms
Model prediction: 5.0ms
Camera read time: 3.1ms
RGB conversion: 1.0ms
Hand detection: 15.1ms
Landmark processing: 0.0ms
Model prediction: 3.0ms
Camera read time: 1.9ms
RGB conversion: 0.0ms
Hand detection: 29.0ms
Landmark processing: 0.0ms
Model prediction: 3.1ms
Camera read time: 2.2ms
RGB conversion: 0.0ms
Hand detection: 29.0ms
Landmark processing: 0.0ms
Model prediction: 3.5ms
Camera read time: 3.2ms
RGB conversion: 1.0ms
Hand detection: 32.1ms
Landmark processing: 0.0ms
Model prediction: 3.2ms
Camera read time: 2.0ms
RGB conversion: 0.0ms
Hand detection: 28.5ms
Landmark processing: 0.0ms
Model prediction: 3.0ms
Camera read time: 2.0ms
RGB conversion: 0.0ms
Hand detection: 30.5ms
Landmark processing: 0.0ms
Model prediction: 4.1ms
Camera read time: 2.0ms
RGB conversion: 0.0ms
Hand detection: 28.0ms
Landmark processing: 0.0ms
Model prediction: 3.0ms
Camera read time: 3.0ms
RGB conversion: 1.0ms
Hand detection: 29.0ms
Landmark processing: 0.0ms
Model prediction: 4.0ms
Camera read time: 2.0ms
RGB conversion: 0.0ms
Hand detection: 39.0ms
Landmark processing: 0.0ms
Model prediction: 4.0ms
Camera read time: 3.0ms
RGB conversion: 1.0ms
Hand detection: 33.5ms
Landmark processing: 0.0ms
Model prediction: 4.0ms
Camera read time: 2.0ms
RGB conversion: 0.0ms
Hand detection: 31.0ms
Total frame time: 34.0ms
--------------------------------------------------
Camera read time: 3.0ms
RGB conversion: 1.2ms
Hand detection: 31.2ms
Landmark processing: 0.0ms
Model prediction: 3.1ms
Camera read time: 3.0ms
RGB conversion: 1.0ms
Hand detection: 25.8ms
Landmark processing: 0.0ms
Model prediction: 3.0ms
Camera read time: 2.0ms
RGB conversion: 0.0ms
Hand detection: 28.5ms
Landmark processing: 0.0ms
Model prediction: 2.1ms
Camera read time: 2.0ms
RGB conversion: 1.0ms
Hand detection: 38.0ms
Landmark processing: 0.0ms
Model prediction: 3.1ms
Camera read time: 3.1ms
RGB conversion: 0.0ms
Hand detection: 14.1ms
Landmark processing: 0.0ms
Model prediction: 4.0ms
Camera read time: 2.0ms
RGB conversion: 0.0ms
Hand detection: 29.8ms
Landmark processing: 0.0ms
Model prediction: 2.0ms
Camera read time: 4.0ms
RGB conversion: 1.0ms
Hand detection: 26.4ms
Total frame time: 30.4ms
--------------------------------------------------
Camera read time: 2.0ms
RGB conversion: 1.0ms
Hand detection: 26.0ms
Landmark processing: 0.0ms
Model prediction: 3.1ms
Camera read time: 2.0ms
RGB conversion: 0.0ms
Hand detection: 28.6ms
Landmark processing: 0.0ms
Model prediction: 2.0ms
Camera read time: 3.0ms
RGB conversion: 0.0ms
Hand detection: 28.7ms
Landmark processing: 0.0ms
Model prediction: 4.0ms
Camera read time: 3.0ms
RGB conversion: 0.0ms
Hand detection: 28.5ms
Landmark processing: 0.0ms
Model prediction: 3.0ms
Camera read time: 2.5ms
RGB conversion: 0.0ms
Hand detection: 27.0ms
Total frame time: 31.0ms
--------------------------------------------------
Camera read time: 3.4ms
RGB conversion: 1.0ms
Hand detection: 31.4ms
Total frame time: 35.9ms
--------------------------------------------------
Camera read time: 2.0ms
RGB conversion: 1.0ms
Hand detection: 17.0ms
Total frame time: 22.0ms
--------------------------------------------------
Camera read time: 2.6ms
RGB conversion: 0.0ms
Hand detection: 30.0ms
Total frame time: 34.0ms
--------------------------------------------------
Camera read time: 2.6ms
RGB conversion: 0.0ms
Hand detection: 48.0ms
Total frame time: 52.0ms
--------------------------------------------------
Camera read time: 2.1ms
RGB conversion: 0.9ms
Hand detection: 21.1ms
Total frame time: 26.0ms
--------------------------------------------------
Camera read time: 2.1ms
RGB conversion: 0.0ms
Hand detection: 17.1ms
Total frame time: 20.2ms
--------------------------------------------------
Camera read time: 3.0ms
RGB conversion: 0.0ms
Hand detection: 16.1ms
Total frame time: 19.1ms
--------------------------------------------------
Camera read time: 1.9ms
RGB conversion: 0.0ms
Hand detection: 14.1ms
Total frame time: 17.1ms
--------------------------------------------------
Camera read time: 1.6ms
RGB conversion: 0.0ms
Hand detection: 14.5ms
Total frame time: 17.5ms
--------------------------------------------------
Camera read time: 2.7ms
RGB conversion: 0.0ms
Hand detection: 31.7ms
Total frame time: 35.5ms
--------------------------------------------------
Camera read time: 4.0ms
RGB conversion: 1.0ms
Hand detection: 47.4ms
Total frame time: 53.5ms
--------------------------------------------------
Camera read time: 3.0ms
RGB conversion: 0.0ms
Hand detection: 41.5ms
Total frame time: 46.5ms
--------------------------------------------------
Camera read time: 3.1ms
RGB conversion: 0.0ms
Hand detection: 24.8ms
Total frame time: 30.8ms
--------------------------------------------------
Camera read time: 2.0ms
RGB conversion: 0.0ms
Hand detection: 20.6ms
Total frame time: 24.6ms
--------------------------------------------------
Camera read time: 3.0ms
RGB conversion: 0.0ms
Hand detection: 18.0ms
Total frame time: 21.0ms
--------------------------------------------------
Camera read time: 3.0ms
RGB conversion: 0.0ms
Hand detection: 16.0ms
Total frame time: 21.0ms
--------------------------------------------------
Camera read time: 3.0ms
RGB conversion: 0.0ms
Hand detection: 16.1ms
Total frame time: 20.1ms
--------------------------------------------------
Camera read time: 2.0ms
RGB conversion: 0.0ms
Hand detection: 30.0ms
Total frame time: 34.0ms
--------------------------------------------------
Camera read time: 2.0ms
RGB conversion: 0.0ms
Hand detection: 17.0ms
Total frame time: 21.0ms
--------------------------------------------------
Camera read time: 2.3ms
RGB conversion: 0.0ms
Hand detection: 17.1ms
Total frame time: 20.1ms
--------------------------------------------------
Camera read time: 3.1ms
RGB conversion: 0.9ms
Hand detection: 16.0ms
Total frame time: 19.9ms
--------------------------------------------------
Camera read time: 2.1ms
RGB conversion: 0.9ms
Hand detection: 15.0ms
Total frame time: 18.9ms
--------------------------------------------------
Camera read time: 2.0ms
RGB conversion: 1.0ms
Hand detection: 14.1ms
Total frame time: 18.1ms
--------------------------------------------------
Camera read time: 2.0ms
RGB conversion: 0.8ms
Hand detection: 15.0ms
Total frame time: 18.9ms
--------------------------------------------------
Camera read time: 3.0ms
RGB conversion: 0.0ms
Hand detection: 31.0ms
Total frame time: 35.4ms
--------------------------------------------------
Camera read time: 2.2ms
RGB conversion: 1.0ms
Hand detection: 17.5ms
Total frame time: 22.5ms
--------------------------------------------------
Camera read time: 3.0ms
RGB conversion: 0.0ms
Hand detection: 17.3ms
Total frame time: 22.7ms
--------------------------------------------------
Camera read time: 3.1ms
RGB conversion: 1.0ms
Hand detection: 17.0ms
Total frame time: 22.0ms
--------------------------------------------------
Camera read time: 3.0ms
RGB conversion: 1.0ms
Hand detection: 80.3ms
Total frame time: 95.2ms
--------------------------------------------------
Camera read time: 10.8ms
RGB conversion: 1.0ms
Hand detection: 114.7ms
Total frame time: 136.6ms
--------------------------------------------------
Camera read time: 5.6ms
RGB conversion: 1.0ms
Hand detection: 129.3ms
Total frame time: 146.9ms
--------------------------------------------------
Camera read time: 5.0ms
RGB conversion: 1.0ms
Hand detection: 84.3ms
Total frame time: 98.5ms
--------------------------------------------------
Camera read time: 4.0ms
RGB conversion: 1.0ms
Hand detection: 42.0ms
Total frame time: 50.0ms
--------------------------------------------------
Camera read time: 4.0ms
RGB conversion: 1.0ms
Hand detection: 42.0ms
Total frame time: 53.0ms
--------------------------------------------------
Camera read time: 3.0ms
RGB conversion: 0.0ms
Hand detection: 39.1ms
Total frame time: 46.1ms
--------------------------------------------------
Camera read time: 4.0ms
RGB conversion: 0.0ms
Hand detection: 35.5ms
Total frame time: 42.5ms
--------------------------------------------------
Camera read time: 2.5ms
RGB conversion: 0.0ms
Hand detection: 29.0ms
Total frame time: 35.0ms
--------------------------------------------------
Camera read time: 2.1ms
RGB conversion: 1.0ms
Hand detection: 25.5ms
Total frame time: 30.5ms
--------------------------------------------------
Camera read time: 3.5ms
RGB conversion: 0.6ms
Hand detection: 28.3ms
Total frame time: 34.2ms
--------------------------------------------------
Camera read time: 4.0ms
RGB conversion: 1.0ms
Hand detection: 29.0ms
Total frame time: 36.0ms
--------------------------------------------------
Camera read time: 2.0ms
RGB conversion: 0.0ms
Hand detection: 30.0ms
Total frame time: 36.0ms
--------------------------------------------------
Camera read time: 2.0ms
RGB conversion: 0.0ms
Hand detection: 26.3ms
Total frame time: 31.4ms
--------------------------------------------------
Camera read time: 2.6ms
RGB conversion: 0.0ms
Hand detection: 27.0ms
Total frame time: 31.0ms
--------------------------------------------------
Camera read time: 2.0ms
RGB conversion: 0.0ms
Hand detection: 27.7ms
Total frame time: 32.2ms
--------------------------------------------------
Camera read time: 2.0ms
RGB conversion: 1.0ms
Hand detection: 21.6ms
Total frame time: 26.5ms
--------------------------------------------------
Camera read time: 4.0ms
RGB conversion: 1.0ms
Hand detection: 29.6ms
Total frame time: 34.6ms
--------------------------------------------------
Camera read time: 4.0ms
RGB conversion: 0.0ms
Hand detection: 33.5ms
Total frame time: 39.5ms
--------------------------------------------------
Camera read time: 3.3ms
RGB conversion: 0.0ms
Hand detection: 33.1ms
Total frame time: 41.7ms
--------------------------------------------------
Camera read time: 2.0ms
RGB conversion: 0.0ms
Hand detection: 34.0ms
Total frame time: 40.0ms
--------------------------------------------------
Camera read time: 3.0ms
RGB conversion: 1.0ms
Hand detection: 29.0ms
Total frame time: 35.0ms
--------------------------------------------------
Camera read time: 3.0ms
RGB conversion: 1.0ms
Hand detection: 28.0ms
Total frame time: 34.0ms
--------------------------------------------------
Camera read time: 2.0ms
RGB conversion: 0.0ms
Hand detection: 24.0ms
Total frame time: 29.0ms
--------------------------------------------------
Camera read time: 2620.6ms
RGB conversion: 1.1ms
Hand detection: 32.1ms
Total frame time: 37.6ms
--------------------------------------------------
Camera read time: 9.3ms
RGB conversion: 0.0ms
Hand detection: 69.3ms
Total frame time: 76.5ms
--------------------------------------------------
Camera read time: 8.4ms
RGB conversion: 1.0ms
Hand detection: 72.3ms
Total frame time: 79.3ms
--------------------------------------------------
Camera read time: 7.6ms
RGB conversion: 1.0ms
Hand detection: 47.2ms
Total frame time: 54.3ms
--------------------------------------------------
Camera read time: 10.5ms
RGB conversion: 0.0ms
Hand detection: 78.1ms
Total frame time: 85.3ms
--------------------------------------------------
Camera read time: 8.4ms
RGB conversion: 0.0ms
Hand detection: 59.9ms
Total frame time: 68.1ms
--------------------------------------------------
Camera read time: 8.9ms
RGB conversion: 1.0ms
Hand detection: 71.7ms
Total frame time: 81.1ms
--------------------------------------------------
Camera read time: 8.0ms
RGB conversion: 0.0ms
Hand detection: 123.3ms
Landmark processing: 0.0ms
Model prediction: 27.0ms
Camera read time: 10.0ms
RGB conversion: 1.1ms
Hand detection: 85.5ms
Landmark processing: 0.0ms
Model prediction: 13.1ms
Camera read time: 2.0ms
RGB conversion: 1.0ms
Hand detection: 35.5ms
Landmark processing: 0.0ms
Model prediction: 5.0ms
Camera read time: 2.1ms
RGB conversion: 0.9ms
Hand detection: 30.5ms
Landmark processing: 0.0ms
Model prediction: 4.0ms
Camera read time: 2.3ms
RGB conversion: 0.7ms
Hand detection: 56.1ms
Landmark processing: 0.0ms
Model prediction: 7.0ms
Camera read time: 6.0ms
RGB conversion: 1.0ms
Hand detection: 87.5ms
Landmark processing: 0.0ms
Model prediction: 18.0ms
Camera read time: 4.0ms
RGB conversion: 0.0ms
Hand detection: 51.6ms
Landmark processing: 0.0ms
Model prediction: 6.0ms
Camera read time: 10.0ms
RGB conversion: 1.0ms
Hand detection: 146.8ms
Landmark processing: 0.0ms
Model prediction: 24.2ms
Camera read time: 3.0ms
RGB conversion: 0.0ms
Hand detection: 59.6ms
Landmark processing: 0.0ms
Model prediction: 7.9ms
Camera read time: 1.9ms
RGB conversion: 0.0ms
Hand detection: 62.6ms
Landmark processing: 0.0ms
Model prediction: 7.0ms
Camera read time: 3.0ms
RGB conversion: 0.0ms
Hand detection: 56.5ms
Landmark processing: 0.0ms
Model prediction: 6.0ms
Camera read time: 2.0ms
RGB conversion: 1.0ms
Hand detection: 56.5ms
Landmark processing: 0.0ms
Model prediction: 5.0ms
Camera read time: 2.2ms
RGB conversion: 0.0ms
Hand detection: 24.0ms
Landmark processing: 0.0ms
Model prediction: 3.0ms
Camera read time: 2.1ms
RGB conversion: 0.0ms
Hand detection: 13.4ms
Landmark processing: 0.0ms
Model prediction: 2.0ms
Camera read time: 3.1ms
RGB conversion: 0.9ms
Hand detection: 57.5ms
Landmark processing: 0.0ms
Model prediction: 3.0ms
Camera read time: 2.0ms
RGB conversion: 0.0ms
Hand detection: 15.0ms
Landmark processing: 0.0ms
Model prediction: 4.0ms
Camera read time: 3.0ms
RGB conversion: 0.0ms
Hand detection: 41.0ms
Landmark processing: 0.0ms
Model prediction: 2.5ms
Camera read time: 1.5ms
RGB conversion: 1.0ms
Hand detection: 13.0ms
Landmark processing: 0.0ms
Model prediction: 3.0ms
Camera read time: 2.1ms
RGB conversion: 0.9ms
Hand detection: 44.0ms
Landmark processing: 0.0ms
Model prediction: 3.0ms
Camera read time: 2.0ms
RGB conversion: 1.0ms
Hand detection: 14.0ms
Landmark processing: 0.0ms
Model prediction: 3.0ms
Camera read time: 2.1ms
RGB conversion: 0.0ms
Hand detection: 27.0ms
Total frame time: 30.0ms
--------------------------------------------------
