RGB conversion: 0.0ms
Hand detection: 29.9ms
Landmark processing: 0.0ms
Model prediction: 3.9ms
RGB conversion: 0.0ms
Hand detection: 29.6ms
Total frame time: 34.7ms
--------------------------------------------------
RGB conversion: 0.0ms
Hand detection: 18.2ms
Total frame time: 22.2ms
--------------------------------------------------
RGB conversion: 0.0ms
Hand detection: 17.1ms
Total frame time: 21.4ms
--------------------------------------------------
RGB conversion: 0.0ms
Hand detection: 15.1ms
Total frame time: 18.2ms
--------------------------------------------------
RGB conversion: 0.0ms
Hand detection: 15.1ms
Total frame time: 18.1ms
--------------------------------------------------
RGB conversion: 0.0ms
Hand detection: 15.1ms
Total frame time: 18.1ms
--------------------------------------------------
Camera read time: 16.0ms
RGB conversion: 0.0ms
Hand detection: 14.0ms
Total frame time: 17.0ms
--------------------------------------------------
RGB conversion: 0.0ms
Hand detection: 16.0ms
Total frame time: 19.0ms
--------------------------------------------------
RGB conversion: 0.0ms
Hand detection: 15.4ms
Total frame time: 18.4ms
--------------------------------------------------
RGB conversion: 0.0ms
Hand detection: 15.2ms
Total frame time: 19.2ms
--------------------------------------------------
RGB conversion: 0.0ms
Hand detection: 16.0ms
Total frame time: 19.1ms
--------------------------------------------------
RGB conversion: 0.0ms
Hand detection: 14.0ms
Total frame time: 17.0ms
--------------------------------------------------
RGB conversion: 0.0ms
Hand detection: 14.9ms
Total frame time: 17.9ms
--------------------------------------------------
RGB conversion: 0.0ms
Hand detection: 17.0ms
Total frame time: 20.0ms
--------------------------------------------------
RGB conversion: 0.0ms
Hand detection: 14.8ms
Total frame time: 17.7ms
--------------------------------------------------
RGB conversion: 0.0ms
Hand detection: 14.7ms
Total frame time: 17.7ms
--------------------------------------------------
RGB conversion: 0.0ms
Hand detection: 17.0ms
Total frame time: 19.5ms
--------------------------------------------------
RGB conversion: 0.0ms
Hand detection: 14.7ms
Total frame time: 17.7ms
--------------------------------------------------
RGB conversion: 0.0ms
Hand detection: 17.5ms
Total frame time: 21.6ms
--------------------------------------------------
RGB conversion: 0.0ms
Hand detection: 16.0ms
Total frame time: 19.0ms
--------------------------------------------------
RGB conversion: 0.0ms
Hand detection: 14.0ms
Total frame time: 18.0ms
--------------------------------------------------
RGB conversion: 0.0ms
Hand detection: 14.0ms
Total frame time: 18.1ms
--------------------------------------------------
RGB conversion: 0.0ms
Hand detection: 13.0ms
Total frame time: 16.0ms
--------------------------------------------------
RGB conversion: 0.0ms
Hand detection: 14.0ms
Total frame time: 17.0ms
--------------------------------------------------
RGB conversion: 0.0ms
Hand detection: 15.0ms
Total frame time: 18.0ms
--------------------------------------------------
RGB conversion: 0.0ms
Hand detection: 16.0ms
Total frame time: 18.8ms
--------------------------------------------------
RGB conversion: 0.0ms
Hand detection: 13.0ms
Total frame time: 16.5ms
--------------------------------------------------
RGB conversion: 0.0ms
Hand detection: 13.9ms
Total frame time: 17.2ms
--------------------------------------------------
RGB conversion: 0.0ms
Hand detection: 13.0ms
Total frame time: 16.4ms
--------------------------------------------------
RGB conversion: 0.0ms
Hand detection: 13.4ms
Total frame time: 16.5ms
--------------------------------------------------
RGB conversion: 0.0ms
Hand detection: 16.0ms
Total frame time: 20.0ms
--------------------------------------------------
RGB conversion: 0.0ms
Hand detection: 15.0ms
Total frame time: 18.0ms
--------------------------------------------------
RGB conversion: 0.0ms
Hand detection: 14.8ms
Total frame time: 17.8ms
--------------------------------------------------
RGB conversion: 0.0ms
Hand detection: 15.5ms
Total frame time: 18.5ms
--------------------------------------------------
RGB conversion: 0.0ms
Hand detection: 15.0ms
Total frame time: 18.0ms
--------------------------------------------------
RGB conversion: 0.0ms
Hand detection: 15.0ms
Total frame time: 18.0ms
--------------------------------------------------
RGB conversion: 0.0ms
Hand detection: 14.2ms
Total frame time: 18.1ms
--------------------------------------------------
Camera read time: 37.3ms
RGB conversion: 0.0ms
Hand detection: 15.0ms
Total frame time: 18.0ms
--------------------------------------------------
RGB conversion: 0.0ms
Hand detection: 16.0ms
Total frame time: 19.1ms
--------------------------------------------------
RGB conversion: 0.0ms
Hand detection: 16.3ms
Total frame time: 19.3ms
--------------------------------------------------
RGB conversion: 0.0ms
Hand detection: 14.0ms
Total frame time: 17.1ms
--------------------------------------------------
RGB conversion: 0.0ms
Hand detection: 16.2ms
Total frame time: 19.2ms
--------------------------------------------------
RGB conversion: 0.0ms
Hand detection: 15.9ms
Total frame time: 19.3ms
--------------------------------------------------
RGB conversion: 0.0ms
Hand detection: 14.0ms
Total frame time: 17.0ms
--------------------------------------------------
RGB conversion: 0.0ms
Hand detection: 17.2ms
Total frame time: 20.2ms
--------------------------------------------------
RGB conversion: 0.0ms
Hand detection: 16.1ms
Total frame time: 20.1ms
--------------------------------------------------
RGB conversion: 0.0ms
Hand detection: 16.7ms
Total frame time: 20.2ms
--------------------------------------------------
RGB conversion: 0.0ms
Hand detection: 15.3ms
Total frame time: 19.0ms
--------------------------------------------------
RGB conversion: 0.0ms
Hand detection: 15.0ms
Total frame time: 19.1ms
--------------------------------------------------
RGB conversion: 0.0ms
Hand detection: 16.0ms
Total frame time: 19.0ms
--------------------------------------------------
RGB conversion: 0.0ms
Hand detection: 16.0ms
Total frame time: 20.0ms
--------------------------------------------------
RGB conversion: 0.0ms
Hand detection: 15.0ms
Total frame time: 18.0ms
--------------------------------------------------
RGB conversion: 0.0ms
Hand detection: 14.9ms
Total frame time: 18.9ms
--------------------------------------------------
RGB conversion: 0.0ms
Hand detection: 16.0ms
Total frame time: 19.0ms
--------------------------------------------------
RGB conversion: 0.0ms
Hand detection: 15.5ms
Total frame time: 18.5ms
--------------------------------------------------
RGB conversion: 0.0ms
Hand detection: 16.5ms
Total frame time: 19.5ms
--------------------------------------------------
RGB conversion: 0.0ms
Hand detection: 15.0ms
Total frame time: 18.0ms
--------------------------------------------------
RGB conversion: 0.0ms
Hand detection: 15.9ms
Total frame time: 18.9ms
--------------------------------------------------
RGB conversion: 0.0ms
Hand detection: 15.7ms
Total frame time: 19.6ms
--------------------------------------------------
RGB conversion: 0.0ms
Hand detection: 16.0ms
Total frame time: 20.0ms
--------------------------------------------------
RGB conversion: 0.0ms
Hand detection: 18.4ms
Total frame time: 22.4ms
--------------------------------------------------
RGB conversion: 0.0ms
Hand detection: 16.0ms
Total frame time: 20.0ms
--------------------------------------------------
RGB conversion: 0.0ms
Hand detection: 16.0ms
Total frame time: 19.0ms
--------------------------------------------------
RGB conversion: 0.0ms
Hand detection: 18.0ms
Total frame time: 22.0ms
--------------------------------------------------
RGB conversion: 0.0ms
Hand detection: 18.0ms
Total frame time: 21.2ms
--------------------------------------------------
RGB conversion: 0.0ms
Hand detection: 15.0ms
Total frame time: 18.0ms
--------------------------------------------------
RGB conversion: 0.0ms
Hand detection: 16.0ms
Total frame time: 19.0ms
--------------------------------------------------
Camera read time: 29.0ms
RGB conversion: 0.0ms
Hand detection: 17.1ms
Total frame time: 20.1ms
--------------------------------------------------
RGB conversion: 0.0ms
Hand detection: 15.0ms
Total frame time: 19.0ms
--------------------------------------------------
RGB conversion: 0.0ms
Hand detection: 16.0ms
Total frame time: 20.0ms
--------------------------------------------------
RGB conversion: 0.0ms
Hand detection: 16.0ms
Total frame time: 19.0ms
--------------------------------------------------
RGB conversion: 0.0ms
Hand detection: 15.0ms
Total frame time: 18.0ms
--------------------------------------------------
RGB conversion: 0.0ms
Hand detection: 14.9ms
Total frame time: 17.9ms
--------------------------------------------------
RGB conversion: 0.0ms
Hand detection: 14.0ms
Total frame time: 17.1ms
--------------------------------------------------
RGB conversion: 0.0ms
Hand detection: 15.0ms
Total frame time: 18.0ms
--------------------------------------------------
RGB conversion: 0.0ms
Hand detection: 14.1ms
Total frame time: 17.1ms
--------------------------------------------------
RGB conversion: 0.0ms
Hand detection: 17.7ms
Total frame time: 20.1ms
--------------------------------------------------
RGB conversion: 0.0ms
Hand detection: 15.0ms
Total frame time: 18.1ms
--------------------------------------------------
RGB conversion: 0.0ms
Hand detection: 18.8ms
Total frame time: 22.8ms
--------------------------------------------------
RGB conversion: 0.0ms
Hand detection: 16.7ms
Total frame time: 20.8ms
--------------------------------------------------
RGB conversion: 0.0ms
Hand detection: 17.3ms
Total frame time: 20.4ms
--------------------------------------------------
RGB conversion: 0.0ms
Hand detection: 20.2ms
Total frame time: 24.6ms
--------------------------------------------------
Camera read time: 46.5ms
RGB conversion: 0.0ms
RGB conversion: 0.0ms
Hand detection: 32.5ms
Total frame time: 37.1ms
Hand detection: 31.5ms
--------------------------------------------------
Total frame time: 38.1ms
--------------------------------------------------
RGB conversion: 0.0ms
Hand detection: 21.2ms
Total frame time: 24.7ms
--------------------------------------------------
RGB conversion: 0.0ms
Hand detection: 16.3ms
Total frame time: 20.3ms
--------------------------------------------------
RGB conversion: 0.0ms
Hand detection: 17.6ms
Total frame time: 20.7ms
--------------------------------------------------
RGB conversion: 0.0ms
Hand detection: 17.0ms
Total frame time: 20.0ms
--------------------------------------------------
RGB conversion: 0.0ms
Hand detection: 16.6ms
Total frame time: 19.6ms
--------------------------------------------------
RGB conversion: 0.0ms
Camera read time: 17.8ms
RGB conversion: 0.0ms
Hand detection: 31.1ms
Total frame time: 34.1ms
--------------------------------------------------
Hand detection: 16.0ms
Total frame time: 20.5ms
--------------------------------------------------
RGB conversion: 0.0ms
Hand detection: 17.1ms
Total frame time: 20.1ms
--------------------------------------------------
RGB conversion: 0.0ms
Hand detection: 15.8ms
Total frame time: 19.2ms
--------------------------------------------------
RGB conversion: 0.0ms
Hand detection: 30.4ms
Total frame time: 34.1ms
--------------------------------------------------
Camera read time: 2.3ms
RGB conversion: 0.0ms
RGB conversion: 0.0ms
Hand detection: 59.1ms
Hand detection: 57.1ms
Total frame time: 63.1ms
Total frame time: 61.1ms
--------------------------------------------------
--------------------------------------------------
RGB conversion: 0.0ms
Hand detection: 16.5ms
Total frame time: 19.5ms
--------------------------------------------------
RGB conversion: 0.0ms
Hand detection: 16.0ms
Total frame time: 19.0ms
--------------------------------------------------
RGB conversion: 0.0ms
Hand detection: 17.0ms
Total frame time: 21.0ms
--------------------------------------------------
RGB conversion: 0.0ms
Hand detection: 17.0ms
Total frame time: 20.0ms
--------------------------------------------------
RGB conversion: 0.0ms
Hand detection: 17.0ms
Total frame time: 22.0ms
--------------------------------------------------
RGB conversion: 0.0ms
Hand detection: 32.0ms
Total frame time: 35.0ms
--------------------------------------------------
RGB conversion: 0.0ms
Camera read time: 19.0ms
RGB conversion: 0.0ms
Hand detection: 70.8ms
Total frame time: 74.8ms
--------------------------------------------------
Hand detection: 44.8ms
Total frame time: 48.8ms
--------------------------------------------------
RGB conversion: 0.0ms
Hand detection: 38.0ms
Total frame time: 42.0ms
--------------------------------------------------
RGB conversion: 0.0ms
Hand detection: 22.0ms
Total frame time: 26.0ms
--------------------------------------------------
RGB conversion: 0.0ms
Hand detection: 21.2ms
Total frame time: 25.1ms
--------------------------------------------------
RGB conversion: 0.0ms
Hand detection: 21.4ms
Total frame time: 25.5ms
--------------------------------------------------
RGB conversion: 0.0ms
Camera read time: 3.0ms
RGB conversion: 0.0ms
Hand detection: 68.9ms
Total frame time: 76.0ms
--------------------------------------------------
Hand detection: 64.0ms
Total frame time: 69.0ms
--------------------------------------------------
RGB conversion: 0.0ms
Hand detection: 47.3ms
Total frame time: 52.3ms
--------------------------------------------------
RGB conversion: 0.0ms
Hand detection: 53.5ms
Total frame time: 58.9ms
--------------------------------------------------
RGB conversion: 0.0ms
Camera read time: 2.2ms
RGB conversion: 0.5ms
Hand detection: 83.2ms
Total frame time: 88.4ms
--------------------------------------------------
Hand detection: 35.0ms
Total frame time: 41.3ms
--------------------------------------------------
RGB conversion: 0.0ms
Hand detection: 29.5ms
Total frame time: 34.5ms
--------------------------------------------------
RGB conversion: 0.0ms
Hand detection: 29.7ms
Total frame time: 35.7ms
--------------------------------------------------
RGB conversion: 0.0ms
Hand detection: 30.5ms
Total frame time: 35.5ms
--------------------------------------------------
RGB conversion: 0.0ms
Hand detection: 32.4ms
Total frame time: 39.4ms
--------------------------------------------------
Camera read time: 3.0ms
RGB conversion: 0.0ms
RGB conversion: 0.0ms
Hand detection: 72.5ms
Total frame time: 79.7ms
--------------------------------------------------
Hand detection: 67.5ms
Total frame time: 75.6ms
--------------------------------------------------
RGB conversion: 0.0ms
Hand detection: 41.0ms
Total frame time: 48.0ms
--------------------------------------------------
RGB conversion: 0.0ms
Hand detection: 43.0ms
Total frame time: 50.5ms
--------------------------------------------------
RGB conversion: 1.0ms
Hand detection: 40.0ms
Total frame time: 48.5ms
--------------------------------------------------
RGB conversion: 0.0ms
Camera read time: 7.0ms
RGB conversion: 1.4ms
Hand detection: 81.5ms
Hand detection: 62.0ms
Total frame time: 90.5ms
Total frame time: 72.5ms
--------------------------------------------------
--------------------------------------------------
RGB conversion: 0.0ms
Hand detection: 39.0ms
Total frame time: 47.0ms
--------------------------------------------------
RGB conversion: 0.0ms
Hand detection: 38.7ms
Total frame time: 46.7ms
--------------------------------------------------
RGB conversion: 0.0ms
Hand detection: 42.4ms
Total frame time: 49.4ms
--------------------------------------------------
RGB conversion: 0.0ms
Camera read time: 3.0ms
RGB conversion: 0.0ms
Hand detection: 95.5ms
Total frame time: 104.7ms
--------------------------------------------------
Hand detection: 76.6ms
Total frame time: 86.6ms
--------------------------------------------------
RGB conversion: 0.0ms
Hand detection: 47.5ms
Total frame time: 56.6ms
--------------------------------------------------
RGB conversion: 0.0ms
Hand detection: 44.2ms
Total frame time: 51.2ms
--------------------------------------------------
RGB conversion: 0.0ms
Hand detection: 45.0ms
Total frame time: 54.5ms
--------------------------------------------------
RGB conversion: 0.0ms
Camera read time: 5.0ms
RGB conversion: 0.0ms
Hand detection: 81.1ms
Hand detection: 76.8ms
Total frame time: 89.1ms
Total frame time: 83.0ms
--------------------------------------------------
--------------------------------------------------
RGB conversion: 1.0ms
Hand detection: 42.8ms
Total frame time: 53.2ms
--------------------------------------------------
RGB conversion: 0.0ms
Hand detection: 45.0ms
Total frame time: 53.0ms
--------------------------------------------------
RGB conversion: 0.0ms
Hand detection: 42.0ms
Total frame time: 52.0ms
--------------------------------------------------
Camera read time: 2.0ms
RGB conversion: 0.0ms
RGB conversion: 0.0ms
Hand detection: 85.5ms
Hand detection: 83.5ms
Total frame time: 92.5ms
--------------------------------------------------
Total frame time: 95.6ms
--------------------------------------------------
RGB conversion: 0.0ms
Hand detection: 45.0ms
Total frame time: 54.1ms
--------------------------------------------------
RGB conversion: 0.0ms
Hand detection: 43.4ms
Total frame time: 51.5ms
--------------------------------------------------
RGB conversion: 0.0ms
Hand detection: 37.0ms
Total frame time: 44.0ms
--------------------------------------------------
RGB conversion: 0.0ms
Camera read time: 3.0ms
RGB conversion: 1.0ms
Hand detection: 76.1ms
Total frame time: 83.1ms
Hand detection: 72.0ms
--------------------------------------------------
Total frame time: 80.1ms
--------------------------------------------------
RGB conversion: 0.0ms
Hand detection: 36.3ms
Total frame time: 44.3ms
--------------------------------------------------
RGB conversion: 0.0ms
Hand detection: 36.0ms
Total frame time: 42.0ms
--------------------------------------------------
RGB conversion: 0.0ms
Hand detection: 35.6ms
Total frame time: 41.6ms
--------------------------------------------------
RGB conversion: 0.0ms
Camera read time: 2.0ms
RGB conversion: 0.0ms
Hand detection: 67.1ms
Total frame time: 73.1ms
--------------------------------------------------
Hand detection: 47.1ms
Total frame time: 53.1ms
--------------------------------------------------
RGB conversion: 0.0ms
Hand detection: 30.7ms
Total frame time: 37.9ms
--------------------------------------------------
RGB conversion: 0.0ms
Hand detection: 32.0ms
Total frame time: 37.0ms
--------------------------------------------------
RGB conversion: 0.0ms
Hand detection: 34.4ms
Total frame time: 40.4ms
--------------------------------------------------
RGB conversion: 0.0ms
Hand detection: 31.0ms
Total frame time: 36.0ms
--------------------------------------------------
Camera read time: 3.0ms
RGB conversion: 0.0ms
RGB conversion: 0.0ms
Hand detection: 66.2ms
Total frame time: 72.8ms
--------------------------------------------------
Hand detection: 64.7ms
Total frame time: 74.3ms
--------------------------------------------------
RGB conversion: 2.4ms
Hand detection: 35.7ms
Total frame time: 48.0ms
--------------------------------------------------
RGB conversion: 0.0ms
Hand detection: 45.2ms
Total frame time: 53.4ms
--------------------------------------------------
RGB conversion: 0.0ms
Camera read time: 6.0ms
RGB conversion: 0.0ms
Hand detection: 54.9ms
Hand detection: 133.8ms
Total frame time: 71.1ms
Total frame time: 144.4ms
--------------------------------------------------
--------------------------------------------------
RGB conversion: 0.6ms
Hand detection: 54.7ms
Total frame time: 65.6ms
--------------------------------------------------
RGB conversion: 0.0ms
Hand detection: 67.2ms
Total frame time: 79.2ms
--------------------------------------------------
RGB conversion: 0.0ms
Camera read time: 5.5ms
RGB conversion: 0.0ms
Hand detection: 207.7ms
Hand detection: 126.2ms
Total frame time: 225.1ms
Total frame time: 141.2ms
--------------------------------------------------
--------------------------------------------------
RGB conversion: 0.0ms
Hand detection: 117.8ms
Total frame time: 130.8ms
--------------------------------------------------
RGB conversion: 0.0ms
Camera read time: 3.0ms
RGB conversion: 1.0ms
Hand detection: 133.9ms
Total frame time: 147.9ms
--------------------------------------------------
Hand detection: 106.9ms
Total frame time: 121.9ms
--------------------------------------------------
RGB conversion: 1.0ms
Hand detection: 45.5ms
Total frame time: 57.5ms
--------------------------------------------------
RGB conversion: 0.0ms
Hand detection: 38.5ms
Total frame time: 47.6ms
--------------------------------------------------
RGB conversion: 0.0ms
Hand detection: 38.0ms
Total frame time: 45.4ms
--------------------------------------------------
RGB conversion: 0.0ms
Camera read time: 3.1ms
RGB conversion: 0.0ms
Hand detection: 66.5ms
Total frame time: 74.0ms
--------------------------------------------------
Hand detection: 58.6ms
Total frame time: 65.5ms
--------------------------------------------------
RGB conversion: 0.0ms
Hand detection: 30.5ms
Total frame time: 37.6ms
--------------------------------------------------
RGB conversion: 0.0ms
Hand detection: 30.6ms
Total frame time: 37.7ms
--------------------------------------------------
RGB conversion: 0.0ms
Hand detection: 30.1ms
Total frame time: 39.0ms
--------------------------------------------------
RGB conversion: 0.0ms
Hand detection: 31.9ms
Total frame time: 38.0ms
--------------------------------------------------
Camera read time: 3.0ms
RGB conversion: 0.0ms
RGB conversion: 0.0ms
Hand detection: 64.4ms
Hand detection: 60.9ms
Total frame time: 71.5ms
Total frame time: 68.9ms
--------------------------------------------------
--------------------------------------------------
RGB conversion: 0.0ms
Hand detection: 33.9ms
Total frame time: 40.6ms
--------------------------------------------------
RGB conversion: 0.0ms
Hand detection: 32.0ms
Total frame time: 38.0ms
--------------------------------------------------
RGB conversion: 0.0ms
Hand detection: 46.6ms
Total frame time: 53.6ms
--------------------------------------------------
RGB conversion: 0.0ms
Camera read time: 8.0ms
RGB conversion: 0.0ms
Hand detection: 131.1ms
Hand detection: 117.0ms
Total frame time: 140.3ms
Total frame time: 126.1ms
--------------------------------------------------
--------------------------------------------------
RGB conversion: 0.0ms
Hand detection: 65.1ms
Total frame time: 73.4ms
--------------------------------------------------
RGB conversion: 0.0ms
Hand detection: 62.0ms
Total frame time: 71.1ms
--------------------------------------------------
Camera read time: 6.9ms
RGB conversion: 0.0ms
RGB conversion: 0.0ms
Hand detection: 126.3ms
Hand detection: 95.4ms
Total frame time: 133.7ms
Total frame time: 103.4ms
--------------------------------------------------
--------------------------------------------------
RGB conversion: 0.0ms
Hand detection: 76.0ms
Total frame time: 84.5ms
--------------------------------------------------
RGB conversion: 0.0ms
Camera read time: 18.0ms
RGB conversion: 1.0ms
Hand detection: 171.2ms
Total frame time: 179.3ms
--------------------------------------------------
Hand detection: 104.7ms
Total frame time: 117.2ms
--------------------------------------------------
RGB conversion: 0.0ms
Hand detection: 103.0ms
Total frame time: 113.8ms
--------------------------------------------------
RGB conversion: 0.0ms
Camera read time: 18.5ms
RGB conversion: 0.0ms
Hand detection: 370.8ms
Hand detection: 292.9ms
Total frame time: 307.7ms
--------------------------------------------------
Total frame time: 386.2ms
--------------------------------------------------
RGB conversion: 0.0ms
Hand detection: 81.6ms
Total frame time: 92.6ms
--------------------------------------------------
RGB conversion: 0.0ms
Camera read time: 12.6ms
RGB conversion: 1.0ms
Hand detection: 144.1ms
Total frame time: 153.3ms
--------------------------------------------------
Hand detection: 75.4ms
Total frame time: 91.4ms
--------------------------------------------------
RGB conversion: 0.0ms
Hand detection: 66.1ms
Total frame time: 74.1ms
--------------------------------------------------
RGB conversion: 0.0ms
Hand detection: 70.4ms
Total frame time: 77.5ms
--------------------------------------------------
Camera read time: 10.0ms
RGB conversion: 0.0ms
RGB conversion: 0.0ms
Hand detection: 268.2ms
Hand detection: 253.7ms
Landmark processing: 0.0ms
Landmark processing: 0.0ms
Model prediction: 53.1ms
Model prediction: 48.0ms
RGB conversion: 0.0ms
Camera read time: 9.7ms
RGB conversion: 0.0ms
Hand detection: 296.3ms
Hand detection: 143.6ms
Landmark processing: 0.0ms
Model prediction: 18.0ms
Landmark processing: 0.0ms
Model prediction: 14.0ms
RGB conversion: 0.0ms
Hand detection: 116.0ms
Landmark processing: 0.0ms
Model prediction: 16.6ms
RGB conversion: 0.0ms
Camera read time: 22.0ms
RGB conversion: 0.9ms
Hand detection: 228.7ms
Hand detection: 211.6ms
Landmark processing: 0.0ms
Landmark processing: 0.0ms
Model prediction: 40.0ms
Model prediction: 36.0ms
RGB conversion: 0.0ms
Hand detection: 130.2ms
Landmark processing: 0.0ms
Model prediction: 17.9ms
Camera read time: 13.1ms
RGB conversion: 0.0ms
RGB conversion: 0.0ms
Hand detection: 217.4ms
Hand detection: 214.4ms
Landmark processing: 0.0ms
Landmark processing: 0.0ms
Model prediction: 18.5ms
Model prediction: 21.4ms
RGB conversion: 0.0ms
Hand detection: 111.2ms
Landmark processing: 0.0ms
Model prediction: 23.5ms
Camera read time: 17.0ms
RGB conversion: 1.0ms
RGB conversion: 0.0ms
Hand detection: 219.5ms
Hand detection: 205.1ms
Landmark processing: 0.0ms
Landmark processing: 0.0ms
Model prediction: 31.4ms
Model prediction: 26.6ms
RGB conversion: 0.0ms
Hand detection: 126.3ms
Landmark processing: 0.0ms
Model prediction: 18.5ms
RGB conversion: 0.0ms
Camera read time: 10.6ms
RGB conversion: 0.0ms
Hand detection: 226.7ms
Hand detection: 223.7ms
Landmark processing: 0.0ms
Landmark processing: 0.0ms
Model prediction: 16.0ms
Model prediction: 17.2ms
RGB conversion: 0.0ms
Hand detection: 128.2ms
Landmark processing: 0.0ms
Model prediction: 13.9ms
Camera read time: 2.9ms
RGB conversion: 0.0ms
RGB conversion: 0.0ms
Hand detection: 224.3ms
Hand detection: 210.7ms
Landmark processing: 0.0ms
Landmark processing: 0.0ms
Model prediction: 29.5ms
Model prediction: 40.6ms
RGB conversion: 0.0ms
Hand detection: 105.4ms
Landmark processing: 0.0ms
Model prediction: 18.5ms
RGB conversion: 0.0ms
Camera read time: 10.0ms
RGB conversion: 0.0ms
Hand detection: 242.0ms
Hand detection: 222.0ms
Landmark processing: 0.0ms
Landmark processing: 0.0ms
Model prediction: 22.1ms
Model prediction: 16.9ms
RGB conversion: 0.0ms
Hand detection: 110.0ms
Total frame time: 117.4ms
--------------------------------------------------
RGB conversion: 0.0ms
Camera read time: 9.0ms
RGB conversion: 0.0ms
Hand detection: 211.6ms
Total frame time: 219.6ms
--------------------------------------------------
Hand detection: 181.5ms
Total frame time: 189.5ms
--------------------------------------------------
RGB conversion: 0.0ms
Hand detection: 63.0ms
Total frame time: 69.1ms
--------------------------------------------------
RGB conversion: 0.0ms
Hand detection: 59.1ms
Total frame time: 67.7ms
--------------------------------------------------
RGB conversion: 0.0ms
Camera read time: 15.2ms
RGB conversion: 0.0ms
Hand detection: 123.7ms
Hand detection: 109.0ms
Total frame time: 131.6ms
Total frame time: 116.5ms
--------------------------------------------------
--------------------------------------------------
RGB conversion: 0.0ms
Hand detection: 65.1ms
Total frame time: 72.2ms
--------------------------------------------------
RGB conversion: 0.0ms
Hand detection: 60.8ms
Total frame time: 68.3ms
--------------------------------------------------
RGB conversion: 0.0ms
Camera read time: 8.7ms
RGB conversion: 0.6ms
Hand detection: 121.8ms
Hand detection: 117.7ms
Total frame time: 128.3ms
Total frame time: 128.9ms
--------------------------------------------------
--------------------------------------------------
RGB conversion: 0.0ms
Hand detection: 62.8ms
Total frame time: 70.2ms
--------------------------------------------------
RGB conversion: 0.0ms
Hand detection: 64.2ms
Total frame time: 71.8ms
--------------------------------------------------
RGB conversion: 0.0ms
Camera read time: 46.0ms
RGB conversion: 0.0ms
Hand detection: 116.9ms
Hand detection: 72.2ms
Total frame time: 127.6ms
Total frame time: 81.6ms
--------------------------------------------------
--------------------------------------------------
RGB conversion: 0.0ms
Hand detection: 75.4ms
Total frame time: 84.8ms
--------------------------------------------------
RGB conversion: 0.0ms
Hand detection: 59.5ms
Total frame time: 69.1ms
--------------------------------------------------
Camera read time: 14.6ms
RGB conversion: 1.4ms
RGB conversion: 0.9ms
Hand detection: 146.0ms
Hand detection: 134.8ms
Total frame time: 159.3ms
Total frame time: 143.3ms
--------------------------------------------------
--------------------------------------------------
RGB conversion: 0.0ms
Hand detection: 61.4ms
Total frame time: 69.1ms
--------------------------------------------------
RGB conversion: 0.0ms
Camera read time: 6.0ms
RGB conversion: 0.0ms
Hand detection: 72.5ms
Total frame time: 80.4ms
--------------------------------------------------
RGB conversion: 0.0ms
Hand detection: 133.5ms
Total frame time: 143.1ms
--------------------------------------------------
Hand detection: 114.9ms
Total frame time: 129.9ms
--------------------------------------------------
RGB conversion: 0.0ms
Hand detection: 66.6ms
Total frame time: 74.7ms
--------------------------------------------------
RGB conversion: 0.0ms
Hand detection: 70.5ms
Total frame time: 76.8ms
--------------------------------------------------
Camera read time: 15.4ms
RGB conversion: 0.9ms
RGB conversion: 0.0ms
Hand detection: 127.2ms
Total frame time: 135.9ms
--------------------------------------------------
Hand detection: 116.4ms
Total frame time: 123.6ms
--------------------------------------------------
RGB conversion: 0.0ms
Hand detection: 63.3ms
Total frame time: 69.7ms
--------------------------------------------------
RGB conversion: 0.0ms
Hand detection: 64.2ms
Total frame time: 70.7ms
--------------------------------------------------
RGB conversion: 0.0ms
Camera read time: 10.0ms
RGB conversion: 0.0ms
Hand detection: 103.8ms
Total frame time: 112.0ms
--------------------------------------------------
Hand detection: 102.8ms
Total frame time: 112.0ms
--------------------------------------------------
RGB conversion: 0.9ms
Hand detection: 59.7ms
Total frame time: 68.8ms
--------------------------------------------------
RGB conversion: 0.0ms
Camera read time: 3.0ms
RGB conversion: 0.0ms
Hand detection: 227.9ms
Hand detection: 151.6ms
Total frame time: 240.5ms
Total frame time: 160.8ms
--------------------------------------------------
--------------------------------------------------
RGB conversion: 0.6ms
Hand detection: 115.3ms
Total frame time: 127.3ms
--------------------------------------------------
RGB conversion: 0.0ms
Camera read time: 9.6ms
RGB conversion: 1.0ms
Hand detection: 222.9ms
Hand detection: 205.7ms
Total frame time: 236.0ms
Total frame time: 220.4ms
--------------------------------------------------
--------------------------------------------------
RGB conversion: 0.8ms
Hand detection: 84.6ms
Total frame time: 96.9ms
--------------------------------------------------
RGB conversion: 1.0ms
Hand detection: 100.3ms
Total frame time: 115.6ms
--------------------------------------------------
RGB conversion: 0.0ms
Hand detection: 98.5ms
Total frame time: 110.1ms
--------------------------------------------------
RGB conversion: 0.0ms
Hand detection: 101.1ms
Total frame time: 114.5ms
--------------------------------------------------
RGB conversion: 0.0ms
Hand detection: 112.8ms
Total frame time: 125.5ms
--------------------------------------------------
RGB conversion: 1.0ms
Hand detection: 123.3ms
Total frame time: 138.6ms
--------------------------------------------------
RGB conversion: 0.0ms
Hand detection: 94.0ms
Total frame time: 108.4ms
--------------------------------------------------
RGB conversion: 0.0ms
Hand detection: 121.4ms
Total frame time: 131.9ms
--------------------------------------------------
RGB conversion: 1.0ms
Camera read time: 16.9ms
RGB conversion: 0.0ms
Hand detection: 201.3ms
Total frame time: 227.3ms
--------------------------------------------------
Hand detection: 196.4ms
Total frame time: 212.3ms
--------------------------------------------------
RGB conversion: 1.0ms
Hand detection: 131.9ms
Total frame time: 142.0ms
--------------------------------------------------
RGB conversion: 0.0ms
Hand detection: 118.1ms
Total frame time: 141.8ms
--------------------------------------------------
RGB conversion: 0.0ms
Hand detection: 122.9ms
Total frame time: 144.6ms
--------------------------------------------------
RGB conversion: 1.0ms
Hand detection: 100.3ms
Total frame time: 115.3ms
--------------------------------------------------
RGB conversion: 0.0ms
Hand detection: 122.0ms
Total frame time: 130.5ms
--------------------------------------------------
Camera read time: 6.2ms
RGB conversion: 0.7ms
RGB conversion: 0.0ms
Hand detection: 192.0ms
Hand detection: 190.7ms
Total frame time: 202.2ms
Total frame time: 201.5ms
--------------------------------------------------
--------------------------------------------------
RGB conversion: 0.0ms
Hand detection: 74.7ms
Total frame time: 86.1ms
--------------------------------------------------
RGB conversion: 0.0ms
Hand detection: 73.3ms
Total frame time: 84.8ms
--------------------------------------------------
RGB conversion: 0.5ms
Hand detection: 99.3ms
Total frame time: 117.8ms
--------------------------------------------------
RGB conversion: 0.0ms
Hand detection: 97.1ms
Total frame time: 108.2ms
--------------------------------------------------
RGB conversion: 0.0ms
Hand detection: 84.0ms
Total frame time: 98.1ms
--------------------------------------------------
RGB conversion: 1.0ms
Hand detection: 87.2ms
Total frame time: 103.1ms
--------------------------------------------------
RGB conversion: 0.0ms
Camera read time: 7.0ms
RGB conversion: 0.0ms
Hand detection: 77.4ms
Total frame time: 90.6ms
--------------------------------------------------
RGB conversion: 0.0ms
Hand detection: 196.5ms
Hand detection: 163.7ms
Total frame time: 211.8ms
Total frame time: 180.7ms
--------------------------------------------------
--------------------------------------------------
RGB conversion: 0.0ms
Hand detection: 97.8ms
Total frame time: 103.8ms
--------------------------------------------------
RGB conversion: 0.0ms
Hand detection: 117.7ms
Total frame time: 124.8ms
--------------------------------------------------
RGB conversion: 0.0ms
Hand detection: 113.2ms
Total frame time: 120.3ms
--------------------------------------------------
RGB conversion: 0.0ms
Hand detection: 125.6ms
Total frame time: 139.9ms
--------------------------------------------------
RGB conversion: 0.0ms
Hand detection: 136.2ms
Total frame time: 144.3ms
--------------------------------------------------
RGB conversion: 1.0ms
Camera read time: 16.9ms
RGB conversion: 1.0ms
Hand detection: 134.0ms
Hand detection: 56.8ms
Total frame time: 144.1ms
Total frame time: 66.8ms
--------------------------------------------------
--------------------------------------------------
RGB conversion: 0.0ms
Hand detection: 61.1ms
Total frame time: 70.1ms
--------------------------------------------------
RGB conversion: 0.0ms
Hand detection: 101.8ms
Total frame time: 106.8ms
--------------------------------------------------
RGB conversion: 0.0ms
Hand detection: 53.3ms
Total frame time: 60.9ms
--------------------------------------------------
RGB conversion: 0.0ms
Hand detection: 104.0ms
Total frame time: 110.0ms
--------------------------------------------------
RGB conversion: 0.0ms
Hand detection: 142.7ms
Total frame time: 149.2ms
--------------------------------------------------
RGB conversion: 0.0ms
Hand detection: 96.6ms
Total frame time: 101.6ms
--------------------------------------------------
RGB conversion: 0.0ms
Hand detection: 146.3ms
Total frame time: 155.1ms
--------------------------------------------------
RGB conversion: 0.0ms
Camera read time: 15.9ms
RGB conversion: 0.0ms
Hand detection: 172.2ms
Total frame time: 179.7ms
--------------------------------------------------
Hand detection: 111.8ms
Total frame time: 119.8ms
--------------------------------------------------
RGB conversion: 0.0ms
Hand detection: 18.3ms
Total frame time: 22.4ms
--------------------------------------------------
RGB conversion: 0.0ms
Hand detection: 20.0ms
Total frame time: 23.0ms
--------------------------------------------------
RGB conversion: 0.0ms
Hand detection: 17.9ms
Total frame time: 21.9ms
--------------------------------------------------
RGB conversion: 0.0ms
Hand detection: 19.4ms
Total frame time: 23.3ms
--------------------------------------------------
RGB conversion: 0.0ms
Hand detection: 18.5ms
Total frame time: 24.6ms
--------------------------------------------------
RGB conversion: 0.0ms
Hand detection: 19.0ms
Total frame time: 23.9ms
--------------------------------------------------
RGB conversion: 0.0ms
Hand detection: 19.9ms
Total frame time: 23.9ms
--------------------------------------------------
RGB conversion: 0.0ms
Hand detection: 24.6ms
Total frame time: 28.6ms
--------------------------------------------------
RGB conversion: 0.0ms
Hand detection: 23.0ms
Total frame time: 29.0ms
--------------------------------------------------
RGB conversion: 0.0ms
Hand detection: 24.0ms
Total frame time: 28.0ms
--------------------------------------------------
RGB conversion: 0.0ms
Hand detection: 23.0ms
Total frame time: 27.9ms
--------------------------------------------------
RGB conversion: 0.0ms
Hand detection: 23.2ms
Total frame time: 27.2ms
--------------------------------------------------
RGB conversion: 0.0ms
Hand detection: 22.9ms
Total frame time: 27.0ms
--------------------------------------------------
RGB conversion: 0.0ms
Hand detection: 45.6ms
Total frame time: 49.7ms
--------------------------------------------------
RGB conversion: 0.0ms
Hand detection: 43.1ms
Total frame time: 48.1ms
--------------------------------------------------
RGB conversion: 0.0ms
Hand detection: 23.1ms
Total frame time: 27.1ms
--------------------------------------------------
RGB conversion: 0.0ms
Hand detection: 43.2ms
Total frame time: 48.2ms
--------------------------------------------------
RGB conversion: 0.0ms
Hand detection: 50.9ms
Total frame time: 55.9ms
--------------------------------------------------
RGB conversion: 0.0ms
Hand detection: 49.0ms
Total frame time: 54.0ms
--------------------------------------------------
RGB conversion: 0.0ms
Hand detection: 47.6ms
Total frame time: 52.6ms
--------------------------------------------------
RGB conversion: 0.0ms
Hand detection: 47.3ms
Total frame time: 52.4ms
--------------------------------------------------
RGB conversion: 0.0ms
Camera read time: 3.0ms
RGB conversion: 0.0ms
Hand detection: 46.2ms
Total frame time: 50.2ms
--------------------------------------------------
RGB conversion: 0.0ms
Hand detection: 69.5ms
Total frame time: 74.5ms
--------------------------------------------------
Hand detection: 64.5ms
Total frame time: 70.5ms
--------------------------------------------------
RGB conversion: 0.0ms
Hand detection: 46.2ms
Total frame time: 51.4ms
--------------------------------------------------
RGB conversion: 0.0ms
Hand detection: 48.1ms
Total frame time: 53.1ms
--------------------------------------------------
RGB conversion: 0.0ms
Hand detection: 46.4ms
Total frame time: 50.7ms
--------------------------------------------------
RGB conversion: 0.0ms
Hand detection: 45.3ms
Total frame time: 49.3ms
--------------------------------------------------
RGB conversion: 0.0ms
Hand detection: 51.3ms
Total frame time: 55.6ms
--------------------------------------------------
RGB conversion: 0.0ms
Hand detection: 56.0ms
Total frame time: 61.2ms
--------------------------------------------------
RGB conversion: 0.0ms
Hand detection: 53.9ms
Total frame time: 59.9ms
--------------------------------------------------
RGB conversion: 0.0ms
Hand detection: 27.1ms
Total frame time: 33.1ms
--------------------------------------------------
RGB conversion: 0.0ms
Hand detection: 26.9ms
Total frame time: 31.9ms
--------------------------------------------------
RGB conversion: 0.0ms
Hand detection: 26.0ms
Total frame time: 31.0ms
--------------------------------------------------
RGB conversion: 0.0ms
Hand detection: 26.4ms
Total frame time: 31.4ms
--------------------------------------------------
RGB conversion: 0.0ms
Hand detection: 26.5ms
Total frame time: 32.5ms
--------------------------------------------------
RGB conversion: 0.0ms
Hand detection: 28.3ms
Total frame time: 33.5ms
--------------------------------------------------
RGB conversion: 0.0ms
Hand detection: 25.7ms
Total frame time: 29.7ms
--------------------------------------------------
RGB conversion: 0.0ms
Hand detection: 30.9ms
Total frame time: 35.9ms
--------------------------------------------------
RGB conversion: 0.0ms
Hand detection: 26.9ms
Total frame time: 32.9ms
--------------------------------------------------
RGB conversion: 0.0ms
Hand detection: 28.2ms
Total frame time: 33.2ms
--------------------------------------------------
RGB conversion: 0.0ms
Hand detection: 28.7ms
Total frame time: 33.7ms
--------------------------------------------------
RGB conversion: 0.0ms
Hand detection: 31.6ms
Total frame time: 36.6ms
--------------------------------------------------
RGB conversion: 0.0ms
Hand detection: 34.9ms
Total frame time: 40.9ms
--------------------------------------------------
RGB conversion: 0.0ms
Camera read time: 4.4ms
RGB conversion: 0.0ms
Hand detection: 76.4ms
Hand detection: 75.3ms
Total frame time: 87.7ms
Total frame time: 85.4ms
--------------------------------------------------
--------------------------------------------------
RGB conversion: 0.0ms
Hand detection: 38.1ms
Total frame time: 47.7ms
--------------------------------------------------
RGB conversion: 0.0ms
Hand detection: 42.1ms
Total frame time: 50.7ms
--------------------------------------------------
RGB conversion: 0.0ms
Hand detection: 91.4ms
Total frame time: 101.6ms
--------------------------------------------------
RGB conversion: 0.0ms
Hand detection: 44.8ms
Total frame time: 54.1ms
--------------------------------------------------
RGB conversion: 0.0ms
Hand detection: 42.8ms
Total frame time: 53.2ms
--------------------------------------------------
RGB conversion: 0.0ms
Hand detection: 44.7ms
Total frame time: 53.2ms
--------------------------------------------------
RGB conversion: 0.0ms
Hand detection: 41.3ms
Total frame time: 49.3ms
--------------------------------------------------
RGB conversion: 0.0ms
Hand detection: 38.2ms
Total frame time: 45.8ms
--------------------------------------------------
RGB conversion: 0.0ms
Hand detection: 73.4ms
Total frame time: 82.1ms
--------------------------------------------------
RGB conversion: 0.0ms
Hand detection: 70.3ms
Total frame time: 76.8ms
--------------------------------------------------
RGB conversion: 0.0ms
Hand detection: 64.9ms
Total frame time: 70.4ms
--------------------------------------------------
RGB conversion: 0.0ms
Hand detection: 62.8ms
Total frame time: 69.2ms
--------------------------------------------------
RGB conversion: 0.0ms
Hand detection: 57.0ms
Total frame time: 62.5ms
--------------------------------------------------
RGB conversion: 0.0ms
Camera read time: 3.0ms
RGB conversion: 0.0ms
Hand detection: 118.5ms
Hand detection: 108.0ms
Total frame time: 123.1ms
Total frame time: 114.5ms
--------------------------------------------------
--------------------------------------------------
RGB conversion: 0.0ms
Hand detection: 31.7ms
Total frame time: 39.2ms
--------------------------------------------------
RGB conversion: 0.0ms
Hand detection: 64.7ms
Total frame time: 70.7ms
--------------------------------------------------
RGB conversion: 0.0ms
Hand detection: 67.1ms
Total frame time: 73.2ms
--------------------------------------------------
RGB conversion: 0.0ms
Hand detection: 67.7ms
Total frame time: 73.7ms
--------------------------------------------------
RGB conversion: 0.0ms
Hand detection: 73.6ms
Total frame time: 80.6ms
--------------------------------------------------
RGB conversion: 0.0ms
Hand detection: 72.5ms
Total frame time: 80.0ms
--------------------------------------------------
RGB conversion: 0.0ms
Hand detection: 71.6ms
Total frame time: 77.6ms
--------------------------------------------------
RGB conversion: 0.0ms
Hand detection: 70.5ms
Total frame time: 77.5ms
--------------------------------------------------
RGB conversion: 1.0ms
Hand detection: 84.4ms
Total frame time: 95.4ms
--------------------------------------------------
RGB conversion: 0.0ms
Hand detection: 78.0ms
Total frame time: 86.3ms
--------------------------------------------------
RGB conversion: 0.0ms
Camera read time: 3.0ms
RGB conversion: 0.0ms
Hand detection: 81.7ms
Total frame time: 89.7ms
--------------------------------------------------
RGB conversion: 0.0ms
Hand detection: 159.6ms
Hand detection: 147.0ms
Total frame time: 169.8ms
Total frame time: 155.6ms
--------------------------------------------------
--------------------------------------------------
RGB conversion: 0.0ms
Hand detection: 65.2ms
Total frame time: 72.2ms
--------------------------------------------------
RGB conversion: 0.0ms
Hand detection: 71.8ms
Total frame time: 77.8ms
--------------------------------------------------
RGB conversion: 0.0ms
Hand detection: 73.0ms
Total frame time: 79.9ms
--------------------------------------------------
RGB conversion: 0.0ms
Hand detection: 79.5ms
Total frame time: 86.3ms
--------------------------------------------------
RGB conversion: 0.0ms
Hand detection: 41.7ms
Total frame time: 49.3ms
--------------------------------------------------
RGB conversion: 0.0ms
Hand detection: 85.7ms
Total frame time: 92.7ms
--------------------------------------------------
RGB conversion: 0.0ms
Hand detection: 85.6ms
Total frame time: 93.6ms
--------------------------------------------------
RGB conversion: 0.0ms
Hand detection: 87.4ms
Total frame time: 95.4ms
--------------------------------------------------
RGB conversion: 0.0ms
Hand detection: 88.1ms
Total frame time: 96.1ms
--------------------------------------------------
RGB conversion: 0.0ms
Camera read time: 6.0ms
RGB conversion: 0.0ms
Hand detection: 364.5ms
Hand detection: 341.4ms
Total frame time: 375.8ms
Total frame time: 355.5ms
--------------------------------------------------
--------------------------------------------------
RGB conversion: 0.0ms
Hand detection: 263.0ms
Total frame time: 289.4ms
--------------------------------------------------
RGB conversion: 1.0ms
Hand detection: 147.6ms
Total frame time: 165.4ms
--------------------------------------------------
RGB conversion: 0.0ms
Camera read time: 3.3ms
RGB conversion: 0.0ms
Hand detection: 262.3ms
Total frame time: 274.6ms
--------------------------------------------------
Hand detection: 99.5ms
Total frame time: 113.6ms
--------------------------------------------------
RGB conversion: 1.0ms
Hand detection: 79.5ms
Total frame time: 88.5ms
--------------------------------------------------
RGB conversion: 0.0ms
Hand detection: 46.0ms
Total frame time: 57.4ms
--------------------------------------------------
RGB conversion: 1.0ms
Hand detection: 43.5ms
Total frame time: 52.5ms
--------------------------------------------------
RGB conversion: 0.0ms
Hand detection: 44.0ms
Total frame time: 52.0ms
--------------------------------------------------
RGB conversion: 0.0ms
Hand detection: 51.0ms
Total frame time: 59.0ms
--------------------------------------------------
RGB conversion: 0.0ms
Hand detection: 42.5ms
Total frame time: 50.5ms
--------------------------------------------------
RGB conversion: 0.0ms
Hand detection: 43.9ms
Total frame time: 52.7ms
--------------------------------------------------
RGB conversion: 0.0ms
Hand detection: 45.1ms
Total frame time: 53.1ms
--------------------------------------------------
RGB conversion: 0.0ms
Hand detection: 40.7ms
Total frame time: 48.7ms
--------------------------------------------------
RGB conversion: 0.0ms
Hand detection: 35.2ms
Total frame time: 43.2ms
--------------------------------------------------
RGB conversion: 0.0ms
Hand detection: 39.7ms
Total frame time: 46.7ms
--------------------------------------------------
RGB conversion: 0.0ms
Hand detection: 38.2ms
Total frame time: 45.2ms
--------------------------------------------------
RGB conversion: 0.0ms
Hand detection: 38.0ms
Total frame time: 45.0ms
--------------------------------------------------
RGB conversion: 0.0ms
Hand detection: 36.6ms
Total frame time: 43.9ms
--------------------------------------------------
RGB conversion: 0.0ms
Hand detection: 37.4ms
Total frame time: 44.6ms
--------------------------------------------------
Camera read time: 3.5ms
RGB conversion: 0.0ms
RGB conversion: 0.0ms
Hand detection: 76.9ms
Hand detection: 70.8ms
Total frame time: 87.2ms
Total frame time: 80.4ms
--------------------------------------------------
--------------------------------------------------
RGB conversion: 0.0ms
Hand detection: 36.6ms
Total frame time: 44.9ms
--------------------------------------------------
RGB conversion: 0.0ms
Hand detection: 35.7ms
Total frame time: 41.7ms
--------------------------------------------------
RGB conversion: 0.0ms
Hand detection: 36.5ms
Total frame time: 42.5ms
--------------------------------------------------
RGB conversion: 0.0ms
Hand detection: 32.9ms
Total frame time: 38.9ms
--------------------------------------------------
RGB conversion: 0.0ms
Hand detection: 34.0ms
Total frame time: 40.0ms
--------------------------------------------------
RGB conversion: 0.0ms
Hand detection: 37.1ms
Total frame time: 44.3ms
--------------------------------------------------
RGB conversion: 0.0ms
Hand detection: 35.0ms
Total frame time: 41.0ms
--------------------------------------------------
RGB conversion: 0.0ms
Hand detection: 37.0ms
Total frame time: 42.8ms
--------------------------------------------------
RGB conversion: 0.0ms
Hand detection: 33.0ms
Total frame time: 39.0ms
--------------------------------------------------
RGB conversion: 0.0ms
Hand detection: 33.1ms
Total frame time: 39.1ms
--------------------------------------------------
RGB conversion: 0.0ms
Hand detection: 31.0ms
Total frame time: 37.0ms
--------------------------------------------------
RGB conversion: 0.0ms
Hand detection: 31.2ms
Total frame time: 36.2ms
--------------------------------------------------
RGB conversion: 0.0ms
Hand detection: 32.0ms
Total frame time: 38.0ms
--------------------------------------------------
RGB conversion: 0.0ms
Hand detection: 31.1ms
Total frame time: 37.1ms
--------------------------------------------------
RGB conversion: 0.0ms
Hand detection: 29.0ms
Total frame time: 33.5ms
--------------------------------------------------
RGB conversion: 0.0ms
Hand detection: 28.9ms
Total frame time: 34.9ms
--------------------------------------------------
RGB conversion: 0.0ms
Hand detection: 28.5ms
Total frame time: 34.6ms
--------------------------------------------------
RGB conversion: 0.0ms
Hand detection: 33.4ms
Total frame time: 38.4ms
--------------------------------------------------
RGB conversion: 0.0ms
Hand detection: 30.6ms
Total frame time: 35.1ms
--------------------------------------------------
RGB conversion: 0.0ms
Hand detection: 31.7ms
Total frame time: 36.3ms
--------------------------------------------------
RGB conversion: 0.0ms
Camera read time: 3.5ms
RGB conversion: 0.0ms
Hand detection: 35.2ms
Total frame time: 42.1ms
--------------------------------------------------
RGB conversion: 0.0ms
Hand detection: 69.2ms
Hand detection: 42.4ms
Total frame time: 76.3ms
Total frame time: 50.9ms
--------------------------------------------------
--------------------------------------------------
RGB conversion: 0.0ms
Hand detection: 75.0ms
Total frame time: 81.9ms
--------------------------------------------------
RGB conversion: 0.0ms
Hand detection: 38.8ms
Total frame time: 44.8ms
--------------------------------------------------
RGB conversion: 0.0ms
Hand detection: 40.8ms
Total frame time: 46.8ms
--------------------------------------------------
RGB conversion: 0.0ms
Hand detection: 41.1ms
Total frame time: 48.1ms
--------------------------------------------------
RGB conversion: 0.0ms
Camera read time: 3.0ms
RGB conversion: 0.0ms
Hand detection: 86.7ms
Hand detection: 43.5ms
Total frame time: 53.0ms
Total frame time: 94.2ms
--------------------------------------------------
--------------------------------------------------
RGB conversion: 0.0ms
Hand detection: 43.0ms
Total frame time: 53.6ms
--------------------------------------------------
RGB conversion: 0.0ms
Hand detection: 42.2ms
Total frame time: 52.5ms
--------------------------------------------------
RGB conversion: 0.0ms
Hand detection: 54.0ms
Total frame time: 63.1ms
--------------------------------------------------
Camera read time: 3.0ms
RGB conversion: 0.0ms
RGB conversion: 0.0ms
Hand detection: 85.0ms
Total frame time: 94.5ms
--------------------------------------------------
Hand detection: 82.0ms
Total frame time: 90.5ms
--------------------------------------------------
RGB conversion: 0.0ms
Hand detection: 43.0ms
Total frame time: 51.5ms
--------------------------------------------------
RGB conversion: 0.0ms
Hand detection: 48.2ms
Total frame time: 58.6ms
--------------------------------------------------
RGB conversion: 0.0ms
Camera read time: 4.0ms
RGB conversion: 1.0ms
Hand detection: 46.0ms
Total frame time: 54.0ms
--------------------------------------------------
RGB conversion: 0.0ms
Hand detection: 170.3ms
Hand detection: 158.3ms
Total frame time: 181.3ms
Total frame time: 169.3ms
--------------------------------------------------
--------------------------------------------------
RGB conversion: 0.0ms
Hand detection: 43.1ms
Total frame time: 51.1ms
--------------------------------------------------
RGB conversion: 0.0ms
Hand detection: 43.7ms
Total frame time: 53.5ms
--------------------------------------------------
RGB conversion: 0.0ms
Hand detection: 40.8ms
Total frame time: 48.8ms
--------------------------------------------------
RGB conversion: 0.0ms
Camera read time: 3.0ms
RGB conversion: 0.0ms
Hand detection: 76.6ms
Total frame time: 86.6ms
--------------------------------------------------
Hand detection: 74.6ms
Total frame time: 86.6ms
--------------------------------------------------
RGB conversion: 0.0ms
Hand detection: 38.3ms
Total frame time: 46.3ms
--------------------------------------------------
RGB conversion: 0.0ms
Hand detection: 37.3ms
Total frame time: 44.9ms
--------------------------------------------------
RGB conversion: 0.0ms
Hand detection: 34.0ms
Total frame time: 40.0ms
--------------------------------------------------
RGB conversion: 0.0ms
Camera read time: 27.6ms
RGB conversion: 0.0ms
Hand detection: 40.9ms
Total frame time: 48.9ms
--------------------------------------------------
Hand detection: 38.0ms
Total frame time: 46.0ms
--------------------------------------------------
RGB conversion: 0.0ms
Hand detection: 38.6ms
Total frame time: 47.6ms
--------------------------------------------------
RGB conversion: 0.0ms
Hand detection: 35.0ms
Total frame time: 41.0ms
--------------------------------------------------
RGB conversion: 0.0ms
Hand detection: 35.5ms
Total frame time: 41.5ms
--------------------------------------------------
RGB conversion: 0.0ms
Hand detection: 42.0ms
Total frame time: 48.0ms
--------------------------------------------------
RGB conversion: 0.0ms
Camera read time: 3.0ms
RGB conversion: 0.0ms
Hand detection: 75.5ms
Hand detection: 73.5ms
Total frame time: 84.5ms
Total frame time: 79.5ms
--------------------------------------------------
--------------------------------------------------
RGB conversion: 0.0ms
Hand detection: 41.9ms
Total frame time: 52.0ms
--------------------------------------------------
RGB conversion: 0.0ms
Hand detection: 39.0ms
Total frame time: 48.0ms
--------------------------------------------------
RGB conversion: 0.0ms
Hand detection: 43.4ms
Total frame time: 50.6ms
--------------------------------------------------
RGB conversion: 0.0ms
Camera read time: 8.0ms
RGB conversion: 0.0ms
Hand detection: 123.5ms
Hand detection: 109.0ms
Total frame time: 134.4ms
Total frame time: 118.5ms
--------------------------------------------------
--------------------------------------------------
RGB conversion: 0.0ms
Hand detection: 57.7ms
Total frame time: 72.9ms
--------------------------------------------------
RGB conversion: 0.0ms
Hand detection: 57.0ms
Total frame time: 69.0ms
--------------------------------------------------
RGB conversion: 0.0ms
Camera read time: 4.0ms
RGB conversion: 0.0ms
Hand detection: 102.7ms
Hand detection: 68.6ms
Total frame time: 113.0ms
Total frame time: 78.6ms
--------------------------------------------------
--------------------------------------------------
RGB conversion: 0.0ms
Hand detection: 48.0ms
Total frame time: 58.5ms
--------------------------------------------------
RGB conversion: 0.0ms
Hand detection: 42.0ms
Total frame time: 52.4ms
--------------------------------------------------
RGB conversion: 0.0ms
Camera read time: 3.0ms
RGB conversion: 1.0ms
Hand detection: 49.7ms
Total frame time: 57.7ms
--------------------------------------------------
RGB conversion: 0.0ms
Hand detection: 121.2ms
Hand detection: 113.0ms
Total frame time: 131.2ms
--------------------------------------------------
Total frame time: 121.2ms
--------------------------------------------------
RGB conversion: 0.0ms
Hand detection: 46.1ms
Total frame time: 57.1ms
--------------------------------------------------
RGB conversion: 0.0ms
Hand detection: 38.0ms
Total frame time: 44.0ms
--------------------------------------------------
RGB conversion: 0.0ms
Hand detection: 38.1ms
Total frame time: 44.1ms
--------------------------------------------------
RGB conversion: 0.0ms
Camera read time: 4.0ms
RGB conversion: 1.0ms
Hand detection: 101.0ms
Total frame time: 108.0ms
--------------------------------------------------
Hand detection: 87.0ms
Total frame time: 94.0ms
--------------------------------------------------
RGB conversion: 0.0ms
Hand detection: 33.0ms
Total frame time: 38.0ms
--------------------------------------------------
RGB conversion: 0.0ms
Hand detection: 31.2ms
Total frame time: 36.5ms
--------------------------------------------------
RGB conversion: 0.0ms
Hand detection: 31.0ms
Total frame time: 37.0ms
--------------------------------------------------
RGB conversion: 0.0ms
Camera read time: 15.5ms
RGB conversion: 0.0ms
Hand detection: 112.8ms
Hand detection: 90.3ms
Total frame time: 118.8ms
Total frame time: 95.3ms
--------------------------------------------------
--------------------------------------------------
RGB conversion: 0.0ms
Hand detection: 33.6ms
Total frame time: 38.9ms
--------------------------------------------------
RGB conversion: 0.0ms
Hand detection: 38.9ms
Total frame time: 47.8ms
--------------------------------------------------
RGB conversion: 0.0ms
Camera read time: 2.0ms
RGB conversion: 1.0ms
Hand detection: 79.4ms
Hand detection: 62.4ms
Total frame time: 89.1ms
Total frame time: 73.4ms
--------------------------------------------------
--------------------------------------------------
RGB conversion: 0.0ms
Hand detection: 43.9ms
Total frame time: 51.0ms
--------------------------------------------------
RGB conversion: 0.0ms
Hand detection: 44.5ms
Total frame time: 52.5ms
--------------------------------------------------
RGB conversion: 0.0ms
Camera read time: 3.0ms
RGB conversion: 1.0ms
Hand detection: 56.4ms
Total frame time: 65.4ms
--------------------------------------------------
RGB conversion: 0.0ms
Hand detection: 93.3ms
Hand detection: 82.4ms
Total frame time: 92.3ms
Total frame time: 102.2ms
--------------------------------------------------
--------------------------------------------------
RGB conversion: 0.0ms
Hand detection: 90.3ms
Total frame time: 101.8ms
--------------------------------------------------
RGB conversion: 0.0ms
Hand detection: 45.9ms
Total frame time: 54.7ms
--------------------------------------------------
Camera read time: 3.0ms
RGB conversion: 0.0ms
RGB conversion: 0.0ms
Hand detection: 85.9ms
Hand detection: 79.9ms
Total frame time: 95.7ms
Total frame time: 90.6ms
--------------------------------------------------
--------------------------------------------------
RGB conversion: 0.0ms
Hand detection: 37.5ms
Total frame time: 46.6ms
--------------------------------------------------
RGB conversion: 0.0ms
Hand detection: 40.0ms
Total frame time: 46.9ms
--------------------------------------------------
RGB conversion: 0.0ms
Hand detection: 34.6ms
Total frame time: 41.6ms
--------------------------------------------------
RGB conversion: 0.0ms
Hand detection: 35.1ms
Total frame time: 43.1ms
--------------------------------------------------
Camera read time: 47.1ms
RGB conversion: 1.0ms
RGB conversion: 2.0ms
Hand detection: 73.8ms
Total frame time: 80.8ms
--------------------------------------------------
Hand detection: 40.0ms
Total frame time: 49.0ms
--------------------------------------------------
RGB conversion: 0.0ms
Camera read time: 3.0ms
RGB conversion: 1.0ms
Hand detection: 78.3ms
Hand detection: 57.0ms
Total frame time: 86.8ms
Total frame time: 66.3ms
--------------------------------------------------
--------------------------------------------------
RGB conversion: 0.0ms
Hand detection: 40.5ms
Total frame time: 47.9ms
--------------------------------------------------
RGB conversion: 0.0ms
Hand detection: 81.5ms
Total frame time: 89.5ms
--------------------------------------------------
RGB conversion: 0.0ms
Hand detection: 44.5ms
Total frame time: 52.3ms
--------------------------------------------------
RGB conversion: 0.0ms
Camera read time: 5.0ms
RGB conversion: 0.0ms
Hand detection: 40.2ms
Total frame time: 47.7ms
--------------------------------------------------
RGB conversion: 0.0ms
Hand detection: 103.5ms
Hand detection: 90.5ms
Total frame time: 109.5ms
Total frame time: 98.5ms
--------------------------------------------------
--------------------------------------------------
RGB conversion: 0.0ms
Hand detection: 40.0ms
Total frame time: 47.0ms
--------------------------------------------------
RGB conversion: 0.0ms
Hand detection: 38.0ms
Total frame time: 45.5ms
--------------------------------------------------
RGB conversion: 0.0ms
Hand detection: 36.0ms
Total frame time: 42.8ms
--------------------------------------------------
RGB conversion: 0.0ms
Camera read time: 4.0ms
RGB conversion: 0.0ms
Hand detection: 147.1ms
Total frame time: 155.1ms
--------------------------------------------------
Hand detection: 117.1ms
Total frame time: 124.1ms
--------------------------------------------------
RGB conversion: 0.0ms
Hand detection: 72.9ms
Total frame time: 80.7ms
--------------------------------------------------
RGB conversion: 0.0ms
Camera read time: 3.0ms
RGB conversion: 0.0ms
Hand detection: 162.6ms
Total frame time: 171.8ms
--------------------------------------------------
Hand detection: 99.5ms
Total frame time: 110.0ms
--------------------------------------------------
RGB conversion: 0.0ms
Hand detection: 105.4ms
Total frame time: 113.5ms
--------------------------------------------------
RGB conversion: 0.0ms
Camera read time: 16.3ms
RGB conversion: 1.0ms
Hand detection: 170.2ms
Hand detection: 122.7ms
Total frame time: 180.2ms
Total frame time: 136.2ms
--------------------------------------------------
--------------------------------------------------
RGB conversion: 0.0ms
Hand detection: 65.2ms
Total frame time: 76.1ms
--------------------------------------------------
RGB conversion: 0.0ms
Camera read time: 5.5ms
RGB conversion: 0.0ms
Hand detection: 73.5ms
Total frame time: 83.1ms
--------------------------------------------------
RGB conversion: 0.0ms
Hand detection: 137.1ms
Hand detection: 122.1ms
Total frame time: 145.6ms
Total frame time: 131.7ms
--------------------------------------------------
--------------------------------------------------
RGB conversion: 0.0ms
Hand detection: 70.5ms
Total frame time: 78.2ms
--------------------------------------------------
RGB conversion: 0.7ms
Camera read time: 7.0ms
RGB conversion: 0.9ms
Hand detection: 142.2ms
Hand detection: 81.5ms
Total frame time: 152.2ms
Total frame time: 90.5ms
--------------------------------------------------
--------------------------------------------------
RGB conversion: 0.0ms
Hand detection: 71.6ms
Total frame time: 79.4ms
--------------------------------------------------
RGB conversion: 0.0ms
Camera read time: 8.1ms
RGB conversion: 0.0ms
Hand detection: 160.3ms
Hand detection: 76.1ms
Total frame time: 168.4ms
Total frame time: 90.2ms
--------------------------------------------------
--------------------------------------------------
RGB conversion: 0.0ms
Hand detection: 66.9ms
Total frame time: 74.4ms
--------------------------------------------------
RGB conversion: 0.8ms
Hand detection: 73.3ms
Total frame time: 86.8ms
--------------------------------------------------
RGB conversion: 0.0ms
Hand detection: 76.1ms
Total frame time: 87.2ms
--------------------------------------------------
Camera read time: 5.5ms
RGB conversion: 0.0ms
RGB conversion: 2.5ms
Hand detection: 161.8ms
Hand detection: 150.1ms
Total frame time: 164.3ms
--------------------------------------------------
Total frame time: 180.1ms
--------------------------------------------------
RGB conversion: 0.0ms
Hand detection: 90.0ms
Total frame time: 101.6ms
--------------------------------------------------
RGB conversion: 0.0ms
Hand detection: 88.2ms
Total frame time: 99.7ms
--------------------------------------------------
RGB conversion: 0.0ms
Hand detection: 132.6ms
Total frame time: 141.7ms
--------------------------------------------------
RGB conversion: 1.0ms
Hand detection: 93.1ms
Total frame time: 105.1ms
--------------------------------------------------
RGB conversion: 1.0ms
Hand detection: 76.6ms
Total frame time: 85.6ms
--------------------------------------------------
RGB conversion: 1.1ms
Hand detection: 64.7ms
Total frame time: 74.3ms
--------------------------------------------------
RGB conversion: 0.0ms
Camera read time: 8.0ms
RGB conversion: 1.0ms
Hand detection: 232.5ms
Hand detection: 129.0ms
Total frame time: 241.5ms
Total frame time: 146.0ms
--------------------------------------------------
--------------------------------------------------
RGB conversion: 0.0ms
Hand detection: 129.4ms
Total frame time: 134.9ms
--------------------------------------------------
RGB conversion: 1.0ms
Hand detection: 93.8ms
Total frame time: 103.0ms
--------------------------------------------------
RGB conversion: 0.0ms
Hand detection: 63.4ms
Total frame time: 78.5ms
--------------------------------------------------
RGB conversion: 0.0ms
Hand detection: 148.2ms
Total frame time: 157.2ms
--------------------------------------------------
RGB conversion: 0.8ms
Hand detection: 97.0ms
Total frame time: 108.9ms
--------------------------------------------------
RGB conversion: 0.0ms
Hand detection: 106.2ms
Total frame time: 117.4ms
--------------------------------------------------
RGB conversion: 0.0ms
Camera read time: 19.0ms
RGB conversion: 0.0ms
Hand detection: 222.6ms
Hand detection: 166.6ms
Total frame time: 234.6ms
Total frame time: 185.6ms
--------------------------------------------------
--------------------------------------------------
RGB conversion: 0.0ms
Hand detection: 80.0ms
Total frame time: 88.0ms
--------------------------------------------------
RGB conversion: 0.0ms
Hand detection: 76.0ms
Total frame time: 84.0ms
--------------------------------------------------
RGB conversion: 0.0ms
Hand detection: 71.8ms
Total frame time: 81.5ms
--------------------------------------------------
RGB conversion: 0.0ms
Hand detection: 80.6ms
Total frame time: 91.1ms
--------------------------------------------------
RGB conversion: 0.0ms
Hand detection: 69.6ms
Total frame time: 77.6ms
--------------------------------------------------
RGB conversion: 0.0ms
Hand detection: 67.4ms
Total frame time: 74.6ms
--------------------------------------------------
RGB conversion: 0.0ms
Hand detection: 78.9ms
Total frame time: 87.3ms
--------------------------------------------------
RGB conversion: 1.0ms
Hand detection: 83.2ms
Total frame time: 94.2ms
--------------------------------------------------
Camera read time: 15.3ms
RGB conversion: 1.0ms
RGB conversion: 1.0ms
Hand detection: 141.9ms
Total frame time: 163.5ms
--------------------------------------------------
Hand detection: 145.9ms
Total frame time: 166.4ms
--------------------------------------------------
RGB conversion: 1.0ms
Hand detection: 112.7ms
Total frame time: 139.7ms
--------------------------------------------------
RGB conversion: 0.0ms
Hand detection: 45.0ms
Total frame time: 52.3ms
--------------------------------------------------
RGB conversion: 0.0ms
Hand detection: 111.3ms
Total frame time: 117.2ms
--------------------------------------------------
RGB conversion: 0.0ms
Hand detection: 72.7ms
Total frame time: 81.1ms
--------------------------------------------------
RGB conversion: 0.0ms
Hand detection: 82.6ms
Total frame time: 90.9ms
--------------------------------------------------
RGB conversion: 0.0ms
Hand detection: 72.5ms
Total frame time: 80.6ms
--------------------------------------------------
RGB conversion: 0.0ms
Hand detection: 86.0ms
Total frame time: 102.0ms
--------------------------------------------------
RGB conversion: 0.0ms
Camera read time: 17.0ms
RGB conversion: 0.0ms
Hand detection: 163.2ms
Hand detection: 112.1ms
Total frame time: 172.2ms
Total frame time: 123.2ms
--------------------------------------------------
--------------------------------------------------
RGB conversion: 0.0ms
Hand detection: 57.8ms
Total frame time: 66.2ms
--------------------------------------------------
RGB conversion: 0.0ms
Hand detection: 57.1ms
Total frame time: 65.0ms
--------------------------------------------------
RGB conversion: 0.0ms
Hand detection: 102.6ms
Total frame time: 114.7ms
--------------------------------------------------
RGB conversion: 0.0ms
Hand detection: 67.0ms
Total frame time: 79.3ms
--------------------------------------------------
RGB conversion: 0.0ms
Hand detection: 51.1ms
Total frame time: 57.4ms
--------------------------------------------------
RGB conversion: 0.0ms
Hand detection: 83.1ms
Total frame time: 89.6ms
--------------------------------------------------
RGB conversion: 0.0ms
Hand detection: 138.3ms
Total frame time: 146.7ms
--------------------------------------------------
RGB conversion: 0.0ms
Hand detection: 19.0ms
Total frame time: 23.0ms
--------------------------------------------------
RGB conversion: 0.0ms
Hand detection: 18.6ms
Total frame time: 23.6ms
--------------------------------------------------
RGB conversion: 0.0ms
Hand detection: 18.6ms
Total frame time: 22.6ms
--------------------------------------------------
RGB conversion: 0.0ms
Hand detection: 19.1ms
Total frame time: 22.1ms
--------------------------------------------------
Camera read time: 39.3ms
RGB conversion: 0.0ms
Hand detection: 19.7ms
Total frame time: 23.6ms
--------------------------------------------------
RGB conversion: 0.0ms
Hand detection: 38.1ms
Total frame time: 41.1ms
--------------------------------------------------
RGB conversion: 0.0ms
Hand detection: 22.5ms
Total frame time: 26.5ms
--------------------------------------------------
RGB conversion: 0.0ms
Hand detection: 40.0ms
Total frame time: 45.0ms
--------------------------------------------------
RGB conversion: 0.0ms
Hand detection: 21.0ms
Total frame time: 25.0ms
--------------------------------------------------
RGB conversion: 0.0ms
Hand detection: 21.6ms
Total frame time: 27.0ms
--------------------------------------------------
RGB conversion: 0.0ms
Hand detection: 21.9ms
Total frame time: 26.9ms
--------------------------------------------------
RGB conversion: 0.0ms
Hand detection: 21.4ms
Total frame time: 25.3ms
--------------------------------------------------
RGB conversion: 0.0ms
Hand detection: 20.6ms
Total frame time: 25.6ms
--------------------------------------------------
RGB conversion: 0.0ms
Hand detection: 22.6ms
Total frame time: 26.6ms
--------------------------------------------------
RGB conversion: 0.0ms
Hand detection: 42.4ms
Total frame time: 46.6ms
--------------------------------------------------
RGB conversion: 0.0ms
Hand detection: 43.8ms
Total frame time: 47.8ms
--------------------------------------------------
RGB conversion: 0.0ms
Hand detection: 23.0ms
Total frame time: 27.0ms
--------------------------------------------------
